Command line:
   adder_subtractor_isim_beh.exe
     -simmode  gui
     -simrunnum  1
     -socket  57419

Sun Oct 10 11:24:46 2021


 Elaboration Time: 0.015625 sec

 Current Memory Usage: 5144.81 Meg

 Total Signals          : 22
 Total Nets             : 40
 Total Signal Drivers   : 11
 Total Blocks           : 2
 Total Primitive Blocks : 2
 Total Processes        : 11
 Total Traceable Variables  : 18
 Total Scalar Nets and Variables : 120
Total Line Count : 19

 Total Simulation Time: 0.046875 sec

 Current Memory Usage: 4672.95 Meg

Sun Oct 10 11:27:47 2021

