Command line:
   ques1_isim_beh.exe
     -simmode  gui
     -simrunnum  0
     -socket  63799

Fri Sep 24 16:07:16 2021


 Elaboration Time: 0.03125 sec

 Current Memory Usage: 5145.7 Meg

 Total Signals          : 20
 Total Nets             : 20
 Total Signal Drivers   : 9
 Total Blocks           : 2
 Total Primitive Blocks : 2
 Total Processes        : 10
 Total Traceable Variables  : 18
 Total Scalar Nets and Variables : 100
Total Line Count : 14

 Total Simulation Time: 0.03125 sec

 Current Memory Usage: 4988.41 Meg

Fri Sep 24 16:08:26 2021

