Command line:
   four_bit_adder_isim_beh.exe
     -simmode  gui
     -simrunnum  1
     -socket  51702

Sun Oct 10 11:02:43 2021


 Elaboration Time: 0.015625 sec

 Current Memory Usage: 5144.76 Meg

 Total Signals          : 17
 Total Nets             : 26
 Total Signal Drivers   : 7
 Total Blocks           : 2
 Total Primitive Blocks : 2
 Total Processes        : 7
 Total Traceable Variables  : 18
 Total Scalar Nets and Variables : 106
Total Line Count : 15

 Total Simulation Time: 0.015625 sec

 Current Memory Usage: 4672.9 Meg

Sun Oct 10 11:08:28 2021

